[22Mai2022 17:27:28.389] [main/INFO] [GradleStart/SimpleName]: Extra: [--tweakClass, Tweaker]
[22Mai2022 17:27:28.395] [main/INFO] [GradleStart/SimpleName]: Running with arguments: [--userProperties, {}, --assetsDir, C:/Users/Bylumia/.gradle/caches/minecraft/assets, --assetIndex, 1.8, --accessToken{REDACTED}, --version, 1.8.9, --tweakClass, Tweaker]
[22Mai2022 17:27:28.404] [main/INFO] [LaunchWrapper/SimpleName]: Loading tweak class name Tweaker
[22Mai2022 17:27:28.406] [main/INFO] [LaunchWrapper/SimpleName]: Using primary tweak class name Tweaker
[22Mai2022 17:27:28.406] [main/INFO] [LaunchWrapper/SimpleName]: Calling tweak class Tweaker
[22Mai2022 17:27:28.483] [main/DEBUG] [mixin/SimpleName]: MixinService [LaunchWrapper] was successfully booted in sun.misc.Launcher$AppClassLoader@1f32e575
[22Mai2022 17:27:28.506] [main/INFO] [mixin/SimpleName]: SpongePowered MIXIN Subsystem Version=0.7.11 Source=file:/C:/Users/Bylumia/.gradle/caches/modules-2/files-2.1/org.spongepowered/mixin/0.7.11-SNAPSHOT/7a670207bdb97db418118ad1e9bb42424ff3776d/mixin-0.7.11-SNAPSHOT.jar Service=LaunchWrapper Env=UNKNOWN
[22Mai2022 17:27:28.747] [main/DEBUG] [mixin/SimpleName]: Adding new mixin transformer proxy #1
[22Mai2022 17:27:28.748] [main/DEBUG] [mixin/SimpleName]: Initialising Mixin Platform Manager
[22Mai2022 17:27:28.748] [main/DEBUG] [mixin/SimpleName]: Mixin platform: primary container is file:/C:/Users/Bylumia/.gradle/caches/modules-2/files-2.1/org.spongepowered/mixin/0.7.11-SNAPSHOT/7a670207bdb97db418118ad1e9bb42424ff3776d/mixin-0.7.11-SNAPSHOT.jar
[22Mai2022 17:27:28.748] [main/DEBUG] [mixin/SimpleName]: Adding mixin platform agents for container file:/C:/Users/Bylumia/.gradle/caches/modules-2/files-2.1/org.spongepowered/mixin/0.7.11-SNAPSHOT/7a670207bdb97db418118ad1e9bb42424ff3776d/mixin-0.7.11-SNAPSHOT.jar
[22Mai2022 17:27:28.753] [main/DEBUG] [mixin/SimpleName]: Instancing new MixinPlatformAgentFML for file:/C:/Users/Bylumia/.gradle/caches/modules-2/files-2.1/org.spongepowered/mixin/0.7.11-SNAPSHOT/7a670207bdb97db418118ad1e9bb42424ff3776d/mixin-0.7.11-SNAPSHOT.jar
[22Mai2022 17:27:28.755] [main/INFO] [mixin/SimpleName]: FML platform manager could not load class cpw.mods.fml.relauncher.CoreModManager. Proceeding without FML support.
[22Mai2022 17:27:28.755] [main/DEBUG] [mixin/SimpleName]: Instancing new MixinPlatformAgentDefault for file:/C:/Users/Bylumia/.gradle/caches/modules-2/files-2.1/org.spongepowered/mixin/0.7.11-SNAPSHOT/7a670207bdb97db418118ad1e9bb42424ff3776d/mixin-0.7.11-SNAPSHOT.jar
[22Mai2022 17:27:28.755] [main/DEBUG] [mixin/SimpleName]: Scanning file:/F:/plugins/SimplexClient_v2/libs/modlauncher-8.1.3.jar for mixin tweaker
[22Mai2022 17:27:28.756] [main/DEBUG] [mixin/SimpleName]: Scanning file:/F:/plugins/SimplexClient_v2/libs/OptiFine_1.8.9_HD_U_M5_MOD.jar for mixin tweaker
[22Mai2022 17:27:28.756] [main/DEBUG] [mixin/SimpleName]: Scanning file:/F:/plugins/SimplexClient_v2/libs/slick.jar for mixin tweaker
[22Mai2022 17:27:28.756] [main/DEBUG] [mixin/SimpleName]: Scanning file:/C:/Users/Bylumia/.gradle/caches/minecraft/deobfedDeps/compileDummy.jar for mixin tweaker
[22Mai2022 17:27:28.756] [main/DEBUG] [mixin/SimpleName]: Scanning file:/C:/Users/Bylumia/.gradle/caches/minecraft/deobfedDeps/providedDummy.jar for mixin tweaker
[22Mai2022 17:27:28.756] [main/DEBUG] [mixin/SimpleName]: Scanning file:/C:/Users/Bylumia/.gradle/caches/modules-2/files-2.1/com.google.guava/guava/17.0/9c6ef172e8de35fd8d4d8783e4821e57cdef7445/guava-17.0.jar for mixin tweaker
[22Mai2022 17:27:28.757] [main/DEBUG] [mixin/SimpleName]: Scanning file:/C:/Users/Bylumia/.gradle/caches/modules-2/files-2.1/commons-io/commons-io/2.4/b1b6ea3b7e4aa4f492509a4952029cd8e48019ad/commons-io-2.4.jar for mixin tweaker
[22Mai2022 17:27:28.757] [main/DEBUG] [mixin/SimpleName]: Scanning file:/C:/Users/Bylumia/.gradle/caches/modules-2/files-2.1/com.google.code.gson/gson/2.2.4/a60a5e993c98c864010053cb901b7eab25306568/gson-2.2.4.jar for mixin tweaker
[22Mai2022 17:27:28.758] [main/DEBUG] [mixin/SimpleName]: Scanning file:/C:/Users/Bylumia/.gradle/caches/minecraft/net/minecraft/minecraft/1.8.9/stable/20/minecraftSrc-1.8.9.jar for mixin tweaker
[22Mai2022 17:27:28.758] [main/DEBUG] [mixin/SimpleName]: Scanning file:/C:/Users/Bylumia/.gradle/caches/modules-2/files-2.1/net.minecraft/launchwrapper/1.11/9c0592c6e1e9ea296a70948081bd4cc84dda1289/launchwrapper-1.11.jar for mixin tweaker
[22Mai2022 17:27:28.758] [main/DEBUG] [mixin/SimpleName]: Scanning file:/C:/Users/Bylumia/.gradle/caches/modules-2/files-2.1/com.mojang/netty/1.8.8/a796914d1c8a55b4da9f4a8856dd9623375d8bb/netty-1.8.8.jar for mixin tweaker
[22Mai2022 17:27:28.758] [main/DEBUG] [mixin/SimpleName]: Scanning file:/C:/Users/Bylumia/.gradle/caches/modules-2/files-2.1/oshi-project/oshi-core/1.1/9ddf7b048a8d701be231c0f4f95fd986198fd2d8/oshi-core-1.1.jar for mixin tweaker
[22Mai2022 17:27:28.759] [main/DEBUG] [mixin/SimpleName]: Scanning file:/C:/Users/Bylumia/.gradle/caches/modules-2/files-2.1/net.java.dev.jna/jna/3.4.0/803ff252fedbd395baffd43b37341dc4a150a554/jna-3.4.0.jar for mixin tweaker
[22Mai2022 17:27:28.759] [main/DEBUG] [mixin/SimpleName]: Scanning file:/C:/Users/Bylumia/.gradle/caches/modules-2/files-2.1/net.java.dev.jna/platform/3.4.0/e3f70017be8100d3d6923f50b3d2ee17714e9c13/platform-3.4.0.jar for mixin tweaker
[22Mai2022 17:27:28.759] [main/DEBUG] [mixin/SimpleName]: Scanning file:/C:/Users/Bylumia/.gradle/caches/modules-2/files-2.1/com.ibm.icu/icu4j-core-mojang/51.2/63d216a9311cca6be337c1e458e587f99d382b84/icu4j-core-mojang-51.2.jar for mixin tweaker
[22Mai2022 17:27:28.759] [main/DEBUG] [mixin/SimpleName]: Scanning file:/C:/Users/Bylumia/.gradle/caches/modules-2/files-2.1/net.sf.jopt-simple/jopt-simple/4.6/306816fb57cf94f108a43c95731b08934dcae15c/jopt-simple-4.6.jar for mixin tweaker
[22Mai2022 17:27:28.760] [main/DEBUG] [mixin/SimpleName]: Scanning file:/C:/Users/Bylumia/.gradle/caches/modules-2/files-2.1/io.netty/netty-all/4.0.23.Final/294104aaf1781d6a56a07d561e792c5d0c95f45/netty-all-4.0.23.Final.jar for mixin tweaker
[22Mai2022 17:27:28.760] [main/DEBUG] [mixin/SimpleName]: Scanning file:/C:/Users/Bylumia/.gradle/caches/modules-2/files-2.1/com.mojang/authlib/1.5.21/aefba0d5b53fbcb70860bc8046ab95d5854c07a5/authlib-1.5.21.jar for mixin tweaker
[22Mai2022 17:27:28.760] [main/DEBUG] [mixin/SimpleName]: Scanning file:/C:/Users/Bylumia/.gradle/caches/modules-2/files-2.1/org.apache.commons/commons-lang3/3.3.2/90a3822c38ec8c996e84c16a3477ef632cbc87a3/commons-lang3-3.3.2.jar for mixin tweaker
[22Mai2022 17:27:28.760] [main/DEBUG] [mixin/SimpleName]: Scanning file:/C:/Users/Bylumia/.gradle/caches/modules-2/files-2.1/com.mojang/realms/1.7.59/9c6c59b742d8e038a15f64c1aa273a893a658424/realms-1.7.59.jar for mixin tweaker
[22Mai2022 17:27:28.761] [main/DEBUG] [mixin/SimpleName]: Scanning file:/C:/Users/Bylumia/.gradle/caches/modules-2/files-2.1/org.apache.httpcomponents/httpclient/4.3.3/18f4247ff4572a074444572cee34647c43e7c9c7/httpclient-4.3.3.jar for mixin tweaker
[22Mai2022 17:27:28.761] [main/DEBUG] [mixin/SimpleName]: Scanning file:/C:/Users/Bylumia/.gradle/caches/modules-2/files-2.1/commons-codec/commons-codec/1.9/9ce04e34240f674bc72680f8b843b1457383161a/commons-codec-1.9.jar for mixin tweaker
[22Mai2022 17:27:28.762] [main/DEBUG] [mixin/SimpleName]: Scanning file:/C:/Users/Bylumia/.gradle/caches/modules-2/files-2.1/com.paulscode/librarylwjglopenal/20100824/73e80d0794c39665aec3f62eee88ca91676674ef/librarylwjglopenal-20100824.jar for mixin tweaker
[22Mai2022 17:27:28.762] [main/DEBUG] [mixin/SimpleName]: Scanning file:/C:/Users/Bylumia/.gradle/caches/modules-2/files-2.1/org.lwjgl.lwjgl/lwjgl_util/2.9.4-nightly-20150209/d51a7c040a721d13efdfbd34f8b257b2df882ad0/lwjgl_util-2.9.4-nightly-20150209.jar for mixin tweaker
[22Mai2022 17:27:28.762] [main/DEBUG] [mixin/SimpleName]: Scanning file:/C:/Users/Bylumia/.gradle/caches/modules-2/files-2.1/org.lwjgl.lwjgl/lwjgl/2.9.4-nightly-20150209/697517568c68e78ae0b4544145af031c81082dfe/lwjgl-2.9.4-nightly-20150209.jar for mixin tweaker
[22Mai2022 17:27:28.762] [main/DEBUG] [mixin/SimpleName]: Scanning file:/C:/Users/Bylumia/.gradle/caches/modules-2/files-2.1/net.java.jinput/jinput/2.0.5/39c7796b469a600f72380316f6b1f11db6c2c7c4/jinput-2.0.5.jar for mixin tweaker
[22Mai2022 17:27:28.763] [main/DEBUG] [mixin/SimpleName]: Scanning file:/C:/Users/Bylumia/.gradle/caches/modules-2/files-2.1/net.java.jutils/jutils/1.0.0/e12fe1fda814bd348c1579329c86943d2cd3c6a6/jutils-1.0.0.jar for mixin tweaker
[22Mai2022 17:27:28.763] [main/DEBUG] [mixin/SimpleName]: Scanning file:/C:/Users/Bylumia/.gradle/caches/modules-2/files-2.1/org.apache.commons/commons-compress/1.8.1/a698750c16740fd5b3871425f4cb3bbaa87f529d/commons-compress-1.8.1.jar for mixin tweaker
[22Mai2022 17:27:28.763] [main/DEBUG] [mixin/SimpleName]: Scanning file:/C:/Users/Bylumia/.gradle/caches/modules-2/files-2.1/commons-logging/commons-logging/1.1.3/f6f66e966c70a83ffbdb6f17a0919eaf7c8aca7f/commons-logging-1.1.3.jar for mixin tweaker
[22Mai2022 17:27:28.763] [main/DEBUG] [mixin/SimpleName]: Scanning file:/C:/Users/Bylumia/.gradle/caches/modules-2/files-2.1/org.apache.httpcomponents/httpcore/4.3.2/31fbbff1ddbf98f3aa7377c94d33b0447c646b6e/httpcore-4.3.2.jar for mixin tweaker
[22Mai2022 17:27:28.764] [main/DEBUG] [mixin/SimpleName]: Scanning file:/C:/Users/Bylumia/.gradle/caches/modules-2/files-2.1/org.apache.logging.log4j/log4j-core/2.0-beta9/678861ba1b2e1fccb594bb0ca03114bb05da9695/log4j-core-2.0-beta9.jar for mixin tweaker
[22Mai2022 17:27:28.764] [main/DEBUG] [mixin/SimpleName]: Scanning file:/C:/Users/Bylumia/.gradle/caches/modules-2/files-2.1/org.apache.logging.log4j/log4j-api/2.0-beta9/1dd66e68cccd907880229f9e2de1314bd13ff785/log4j-api-2.0-beta9.jar for mixin tweaker
[22Mai2022 17:27:28.764] [main/DEBUG] [mixin/SimpleName]: Scanning file:/C:/Users/Bylumia/.gradle/caches/modules-2/files-2.1/com.paulscode/codecjorbis/20101023/c73b5636faf089d9f00e8732a829577de25237ee/codecjorbis-20101023.jar for mixin tweaker
[22Mai2022 17:27:28.764] [main/DEBUG] [mixin/SimpleName]: Scanning file:/C:/Users/Bylumia/.gradle/caches/modules-2/files-2.1/com.paulscode/codecwav/20101023/12f031cfe88fef5c1dd36c563c0a3a69bd7261da/codecwav-20101023.jar for mixin tweaker
[22Mai2022 17:27:28.765] [main/DEBUG] [mixin/SimpleName]: Scanning file:/C:/Users/Bylumia/.gradle/caches/modules-2/files-2.1/com.paulscode/libraryjavasound/20101123/5c5e304366f75f9eaa2e8cca546a1fb6109348b3/libraryjavasound-20101123.jar for mixin tweaker
[22Mai2022 17:27:28.765] [main/DEBUG] [mixin/SimpleName]: Scanning file:/C:/Users/Bylumia/.gradle/caches/modules-2/files-2.1/com.paulscode/soundsystem/20120107/419c05fe9be71f792b2d76cfc9b67f1ed0fec7f6/soundsystem-20120107.jar for mixin tweaker
[22Mai2022 17:27:28.765] [main/DEBUG] [mixin/SimpleName]: Scanning file:/C:/Users/Bylumia/.gradle/caches/modules-2/files-2.1/tv.twitch/twitch/6.5/320a2dfd18513a5f41b4e75729df684488cbd925/twitch-6.5.jar for mixin tweaker
[22Mai2022 17:27:28.765] [main/DEBUG] [mixin/SimpleName]: Scanning file:/C:/Users/Bylumia/.gradle/caches/modules-2/files-2.1/org.ow2.asm/asm-debug-all/5.0.3/f9e364ae2a66ce2a543012a4668856e84e5dab74/asm-debug-all-5.0.3.jar for mixin tweaker
[22Mai2022 17:27:28.766] [main/DEBUG] [mixin/SimpleName]: Scanning file:/C:/Users/Bylumia/.gradle/caches/modules-2/files-2.1/com.google.code.findbugs/jsr305/2.0.1/516c03b21d50a644d538de0f0369c620989cd8f0/jsr305-2.0.1.jar for mixin tweaker
[22Mai2022 17:27:28.766] [main/DEBUG] [mixin/SimpleName]: Scanning file:/C:/Users/Bylumia/.gradle/caches/modules-2/files-2.1/net.java.jinput/jinput-platform/2.0.5/7ff832a6eb9ab6a767f1ade2b548092d0fa64795/jinput-platform-2.0.5-natives-linux.jar for mixin tweaker
[22Mai2022 17:27:28.766] [main/DEBUG] [mixin/SimpleName]: Scanning file:/C:/Users/Bylumia/.gradle/caches/modules-2/files-2.1/net.java.jinput/jinput-platform/2.0.5/385ee093e01f587f30ee1c8a2ee7d408fd732e16/jinput-platform-2.0.5-natives-windows.jar for mixin tweaker
[22Mai2022 17:27:28.766] [main/DEBUG] [mixin/SimpleName]: Scanning file:/C:/Users/Bylumia/.gradle/caches/modules-2/files-2.1/net.java.jinput/jinput-platform/2.0.5/53f9c919f34d2ca9de8c51fc4e1e8282029a9232/jinput-platform-2.0.5-natives-osx.jar for mixin tweaker
[22Mai2022 17:27:28.766] [main/DEBUG] [mixin/SimpleName]: Scanning file:/C:/Users/Bylumia/.gradle/caches/modules-2/files-2.1/org.lwjgl.lwjgl/lwjgl-platform/2.9.4-nightly-20150209/b84d5102b9dbfabfeb5e43c7e2828d98a7fc80e0/lwjgl-platform-2.9.4-nightly-20150209-natives-windows.jar for mixin tweaker
[22Mai2022 17:27:28.767] [main/DEBUG] [mixin/SimpleName]: Scanning file:/C:/Users/Bylumia/.gradle/caches/modules-2/files-2.1/org.lwjgl.lwjgl/lwjgl-platform/2.9.4-nightly-20150209/931074f46c795d2f7b30ed6395df5715cfd7675b/lwjgl-platform-2.9.4-nightly-20150209-natives-linux.jar for mixin tweaker
[22Mai2022 17:27:28.767] [main/DEBUG] [mixin/SimpleName]: Scanning file:/C:/Users/Bylumia/.gradle/caches/modules-2/files-2.1/org.lwjgl.lwjgl/lwjgl-platform/2.9.4-nightly-20150209/bcab850f8f487c3f4c4dbabde778bb82bd1a40ed/lwjgl-platform-2.9.4-nightly-20150209-natives-osx.jar for mixin tweaker
[22Mai2022 17:27:28.767] [main/DEBUG] [mixin/SimpleName]: Scanning file:/C:/Users/Bylumia/.gradle/caches/modules-2/files-2.1/tv.twitch/twitch-platform/6.5/206c4ccaecdbcfd2a1631150c69a97bbc9c20c11/twitch-platform-6.5-natives-windows-32.jar for mixin tweaker
[22Mai2022 17:27:28.767] [main/DEBUG] [mixin/SimpleName]: Scanning file:/C:/Users/Bylumia/.gradle/caches/modules-2/files-2.1/tv.twitch/twitch-platform/6.5/9fdd0fd5aed0817063dcf95b69349a171f447ebd/twitch-platform-6.5-natives-windows-64.jar for mixin tweaker
[22Mai2022 17:27:28.767] [main/DEBUG] [mixin/SimpleName]: Scanning file:/C:/Users/Bylumia/.gradle/caches/modules-2/files-2.1/tv.twitch/twitch-platform/6.5/5f9d1ee26257b3a33f0ca06fed335ef462af659f/twitch-platform-6.5-natives-osx.jar for mixin tweaker
[22Mai2022 17:27:28.768] [main/DEBUG] [mixin/SimpleName]: Scanning file:/C:/Users/Bylumia/.gradle/caches/modules-2/files-2.1/tv.twitch/twitch-external-platform/4.5/18215140f010c05b9f86ef6f0f8871954d2ccebf/twitch-external-platform-4.5-natives-windows-32.jar for mixin tweaker
[22Mai2022 17:27:28.768] [main/DEBUG] [mixin/SimpleName]: Scanning file:/C:/Users/Bylumia/.gradle/caches/modules-2/files-2.1/tv.twitch/twitch-external-platform/4.5/c3cde57891b935d41b6680a9c5e1502eeab76d86/twitch-external-platform-4.5-natives-windows-64.jar for mixin tweaker
[22Mai2022 17:27:28.768] [main/DEBUG] [mixin/SimpleName]: Scanning file:/C:/Users/Bylumia/.gradle/caches/minecraft/net/minecraft/minecraft/1.8.9/start/ for mixin tweaker
[22Mai2022 17:27:28.768] [main/DEBUG] [mixin/SimpleName]: Scanning file:/F:/plugins/SimplexClient_v2/build/libs/Client-1.0.jar for mixin tweaker
[22Mai2022 17:27:28.769] [main/DEBUG] [mixin/SimpleName]: Processing prepare() for PlatformAgent[MixinPlatformAgentFML:file:/C:/Users/Bylumia/.gradle/caches/modules-2/files-2.1/org.spongepowered/mixin/0.7.11-SNAPSHOT/7a670207bdb97db418118ad1e9bb42424ff3776d/mixin-0.7.11-SNAPSHOT.jar]
[22Mai2022 17:27:28.769] [main/DEBUG] [mixin/SimpleName]: Processing prepare() for PlatformAgent[MixinPlatformAgentDefault:file:/C:/Users/Bylumia/.gradle/caches/modules-2/files-2.1/org.spongepowered/mixin/0.7.11-SNAPSHOT/7a670207bdb97db418118ad1e9bb42424ff3776d/mixin-0.7.11-SNAPSHOT.jar]
[22Mai2022 17:27:28.799] [main/INFO] [mixin/SimpleName]: Compatibility level set to JAVA_8
[22Mai2022 17:27:28.799] [main/ERROR] [mixin/SimpleName]: Mixin config mixins.client.json does not specify "minVersion" property
[22Mai2022 17:27:28.801] [main/DEBUG] [mixin/SimpleName]: Preparing mixins for MixinEnvironment[PREINIT]
[22Mai2022 17:27:28.803] [main/INFO] [LaunchWrapper/SimpleName]: Loading tweak class name org.spongepowered.asm.mixin.EnvironmentStateTweaker
[22Mai2022 17:27:28.804] [main/INFO] [LaunchWrapper/SimpleName]: Calling tweak class org.spongepowered.asm.mixin.EnvironmentStateTweaker
[22Mai2022 17:27:28.804] [main/DEBUG] [mixin/SimpleName]: Processing launch tasks for PlatformAgent[MixinPlatformAgentFML:file:/C:/Users/Bylumia/.gradle/caches/modules-2/files-2.1/org.spongepowered/mixin/0.7.11-SNAPSHOT/7a670207bdb97db418118ad1e9bb42424ff3776d/mixin-0.7.11-SNAPSHOT.jar]
[22Mai2022 17:27:28.804] [main/DEBUG] [mixin/SimpleName]: Processing launch tasks for PlatformAgent[MixinPlatformAgentDefault:file:/C:/Users/Bylumia/.gradle/caches/modules-2/files-2.1/org.spongepowered/mixin/0.7.11-SNAPSHOT/7a670207bdb97db418118ad1e9bb42424ff3776d/mixin-0.7.11-SNAPSHOT.jar]
[22Mai2022 17:27:28.804] [main/DEBUG] [mixin/SimpleName]: Scanning file:/F:/plugins/SimplexClient_v2/libs/modlauncher-8.1.3.jar for mixin tweaker
[22Mai2022 17:27:28.805] [main/DEBUG] [mixin/SimpleName]: Scanning file:/F:/plugins/SimplexClient_v2/libs/OptiFine_1.8.9_HD_U_M5_MOD.jar for mixin tweaker
[22Mai2022 17:27:28.805] [main/DEBUG] [mixin/SimpleName]: Scanning file:/F:/plugins/SimplexClient_v2/libs/slick.jar for mixin tweaker
[22Mai2022 17:27:28.805] [main/DEBUG] [mixin/SimpleName]: Scanning file:/C:/Users/Bylumia/.gradle/caches/minecraft/deobfedDeps/compileDummy.jar for mixin tweaker
[22Mai2022 17:27:28.805] [main/DEBUG] [mixin/SimpleName]: Scanning file:/C:/Users/Bylumia/.gradle/caches/minecraft/deobfedDeps/providedDummy.jar for mixin tweaker
[22Mai2022 17:27:28.805] [main/DEBUG] [mixin/SimpleName]: Scanning file:/C:/Users/Bylumia/.gradle/caches/modules-2/files-2.1/com.google.guava/guava/17.0/9c6ef172e8de35fd8d4d8783e4821e57cdef7445/guava-17.0.jar for mixin tweaker
[22Mai2022 17:27:28.805] [main/DEBUG] [mixin/SimpleName]: Scanning file:/C:/Users/Bylumia/.gradle/caches/modules-2/files-2.1/commons-io/commons-io/2.4/b1b6ea3b7e4aa4f492509a4952029cd8e48019ad/commons-io-2.4.jar for mixin tweaker
[22Mai2022 17:27:28.805] [main/DEBUG] [mixin/SimpleName]: Scanning file:/C:/Users/Bylumia/.gradle/caches/modules-2/files-2.1/com.google.code.gson/gson/2.2.4/a60a5e993c98c864010053cb901b7eab25306568/gson-2.2.4.jar for mixin tweaker
[22Mai2022 17:27:28.805] [main/DEBUG] [mixin/SimpleName]: Scanning file:/C:/Users/Bylumia/.gradle/caches/minecraft/net/minecraft/minecraft/1.8.9/stable/20/minecraftSrc-1.8.9.jar for mixin tweaker
[22Mai2022 17:27:28.805] [main/DEBUG] [mixin/SimpleName]: Scanning file:/C:/Users/Bylumia/.gradle/caches/modules-2/files-2.1/net.minecraft/launchwrapper/1.11/9c0592c6e1e9ea296a70948081bd4cc84dda1289/launchwrapper-1.11.jar for mixin tweaker
[22Mai2022 17:27:28.806] [main/DEBUG] [mixin/SimpleName]: Scanning file:/C:/Users/Bylumia/.gradle/caches/modules-2/files-2.1/com.mojang/netty/1.8.8/a796914d1c8a55b4da9f4a8856dd9623375d8bb/netty-1.8.8.jar for mixin tweaker
[22Mai2022 17:27:28.806] [main/DEBUG] [mixin/SimpleName]: Scanning file:/C:/Users/Bylumia/.gradle/caches/modules-2/files-2.1/oshi-project/oshi-core/1.1/9ddf7b048a8d701be231c0f4f95fd986198fd2d8/oshi-core-1.1.jar for mixin tweaker
[22Mai2022 17:27:28.806] [main/DEBUG] [mixin/SimpleName]: Scanning file:/C:/Users/Bylumia/.gradle/caches/modules-2/files-2.1/net.java.dev.jna/jna/3.4.0/803ff252fedbd395baffd43b37341dc4a150a554/jna-3.4.0.jar for mixin tweaker
[22Mai2022 17:27:28.806] [main/DEBUG] [mixin/SimpleName]: Scanning file:/C:/Users/Bylumia/.gradle/caches/modules-2/files-2.1/net.java.dev.jna/platform/3.4.0/e3f70017be8100d3d6923f50b3d2ee17714e9c13/platform-3.4.0.jar for mixin tweaker
[22Mai2022 17:27:28.806] [main/DEBUG] [mixin/SimpleName]: Scanning file:/C:/Users/Bylumia/.gradle/caches/modules-2/files-2.1/com.ibm.icu/icu4j-core-mojang/51.2/63d216a9311cca6be337c1e458e587f99d382b84/icu4j-core-mojang-51.2.jar for mixin tweaker
[22Mai2022 17:27:28.806] [main/DEBUG] [mixin/SimpleName]: Scanning file:/C:/Users/Bylumia/.gradle/caches/modules-2/files-2.1/net.sf.jopt-simple/jopt-simple/4.6/306816fb57cf94f108a43c95731b08934dcae15c/jopt-simple-4.6.jar for mixin tweaker
[22Mai2022 17:27:28.806] [main/DEBUG] [mixin/SimpleName]: Scanning file:/C:/Users/Bylumia/.gradle/caches/modules-2/files-2.1/io.netty/netty-all/4.0.23.Final/294104aaf1781d6a56a07d561e792c5d0c95f45/netty-all-4.0.23.Final.jar for mixin tweaker
[22Mai2022 17:27:28.806] [main/DEBUG] [mixin/SimpleName]: Scanning file:/C:/Users/Bylumia/.gradle/caches/modules-2/files-2.1/com.mojang/authlib/1.5.21/aefba0d5b53fbcb70860bc8046ab95d5854c07a5/authlib-1.5.21.jar for mixin tweaker
[22Mai2022 17:27:28.807] [main/DEBUG] [mixin/SimpleName]: Scanning file:/C:/Users/Bylumia/.gradle/caches/modules-2/files-2.1/org.apache.commons/commons-lang3/3.3.2/90a3822c38ec8c996e84c16a3477ef632cbc87a3/commons-lang3-3.3.2.jar for mixin tweaker
[22Mai2022 17:27:28.807] [main/DEBUG] [mixin/SimpleName]: Scanning file:/C:/Users/Bylumia/.gradle/caches/modules-2/files-2.1/com.mojang/realms/1.7.59/9c6c59b742d8e038a15f64c1aa273a893a658424/realms-1.7.59.jar for mixin tweaker
[22Mai2022 17:27:28.807] [main/DEBUG] [mixin/SimpleName]: Scanning file:/C:/Users/Bylumia/.gradle/caches/modules-2/files-2.1/org.apache.httpcomponents/httpclient/4.3.3/18f4247ff4572a074444572cee34647c43e7c9c7/httpclient-4.3.3.jar for mixin tweaker
[22Mai2022 17:27:28.807] [main/DEBUG] [mixin/SimpleName]: Scanning file:/C:/Users/Bylumia/.gradle/caches/modules-2/files-2.1/commons-codec/commons-codec/1.9/9ce04e34240f674bc72680f8b843b1457383161a/commons-codec-1.9.jar for mixin tweaker
[22Mai2022 17:27:28.807] [main/DEBUG] [mixin/SimpleName]: Scanning file:/C:/Users/Bylumia/.gradle/caches/modules-2/files-2.1/com.paulscode/librarylwjglopenal/20100824/73e80d0794c39665aec3f62eee88ca91676674ef/librarylwjglopenal-20100824.jar for mixin tweaker
[22Mai2022 17:27:28.807] [main/DEBUG] [mixin/SimpleName]: Scanning file:/C:/Users/Bylumia/.gradle/caches/modules-2/files-2.1/org.lwjgl.lwjgl/lwjgl_util/2.9.4-nightly-20150209/d51a7c040a721d13efdfbd34f8b257b2df882ad0/lwjgl_util-2.9.4-nightly-20150209.jar for mixin tweaker
[22Mai2022 17:27:28.807] [main/DEBUG] [mixin/SimpleName]: Scanning file:/C:/Users/Bylumia/.gradle/caches/modules-2/files-2.1/org.lwjgl.lwjgl/lwjgl/2.9.4-nightly-20150209/697517568c68e78ae0b4544145af031c81082dfe/lwjgl-2.9.4-nightly-20150209.jar for mixin tweaker
[22Mai2022 17:27:28.807] [main/DEBUG] [mixin/SimpleName]: Scanning file:/C:/Users/Bylumia/.gradle/caches/modules-2/files-2.1/net.java.jinput/jinput/2.0.5/39c7796b469a600f72380316f6b1f11db6c2c7c4/jinput-2.0.5.jar for mixin tweaker
[22Mai2022 17:27:28.808] [main/DEBUG] [mixin/SimpleName]: Scanning file:/C:/Users/Bylumia/.gradle/caches/modules-2/files-2.1/net.java.jutils/jutils/1.0.0/e12fe1fda814bd348c1579329c86943d2cd3c6a6/jutils-1.0.0.jar for mixin tweaker
[22Mai2022 17:27:28.808] [main/DEBUG] [mixin/SimpleName]: Scanning file:/C:/Users/Bylumia/.gradle/caches/modules-2/files-2.1/org.apache.commons/commons-compress/1.8.1/a698750c16740fd5b3871425f4cb3bbaa87f529d/commons-compress-1.8.1.jar for mixin tweaker
[22Mai2022 17:27:28.808] [main/DEBUG] [mixin/SimpleName]: Scanning file:/C:/Users/Bylumia/.gradle/caches/modules-2/files-2.1/commons-logging/commons-logging/1.1.3/f6f66e966c70a83ffbdb6f17a0919eaf7c8aca7f/commons-logging-1.1.3.jar for mixin tweaker
[22Mai2022 17:27:28.808] [main/DEBUG] [mixin/SimpleName]: Scanning file:/C:/Users/Bylumia/.gradle/caches/modules-2/files-2.1/org.apache.httpcomponents/httpcore/4.3.2/31fbbff1ddbf98f3aa7377c94d33b0447c646b6e/httpcore-4.3.2.jar for mixin tweaker
[22Mai2022 17:27:28.808] [main/DEBUG] [mixin/SimpleName]: Scanning file:/C:/Users/Bylumia/.gradle/caches/modules-2/files-2.1/org.apache.logging.log4j/log4j-core/2.0-beta9/678861ba1b2e1fccb594bb0ca03114bb05da9695/log4j-core-2.0-beta9.jar for mixin tweaker
[22Mai2022 17:27:28.808] [main/DEBUG] [mixin/SimpleName]: Scanning file:/C:/Users/Bylumia/.gradle/caches/modules-2/files-2.1/org.apache.logging.log4j/log4j-api/2.0-beta9/1dd66e68cccd907880229f9e2de1314bd13ff785/log4j-api-2.0-beta9.jar for mixin tweaker
[22Mai2022 17:27:28.808] [main/DEBUG] [mixin/SimpleName]: Scanning file:/C:/Users/Bylumia/.gradle/caches/modules-2/files-2.1/com.paulscode/codecjorbis/20101023/c73b5636faf089d9f00e8732a829577de25237ee/codecjorbis-20101023.jar for mixin tweaker
[22Mai2022 17:27:28.808] [main/DEBUG] [mixin/SimpleName]: Scanning file:/C:/Users/Bylumia/.gradle/caches/modules-2/files-2.1/com.paulscode/codecwav/20101023/12f031cfe88fef5c1dd36c563c0a3a69bd7261da/codecwav-20101023.jar for mixin tweaker
[22Mai2022 17:27:28.808] [main/DEBUG] [mixin/SimpleName]: Scanning file:/C:/Users/Bylumia/.gradle/caches/modules-2/files-2.1/com.paulscode/libraryjavasound/20101123/5c5e304366f75f9eaa2e8cca546a1fb6109348b3/libraryjavasound-20101123.jar for mixin tweaker
[22Mai2022 17:27:28.809] [main/DEBUG] [mixin/SimpleName]: Scanning file:/C:/Users/Bylumia/.gradle/caches/modules-2/files-2.1/com.paulscode/soundsystem/20120107/419c05fe9be71f792b2d76cfc9b67f1ed0fec7f6/soundsystem-20120107.jar for mixin tweaker
[22Mai2022 17:27:28.809] [main/DEBUG] [mixin/SimpleName]: Scanning file:/C:/Users/Bylumia/.gradle/caches/modules-2/files-2.1/tv.twitch/twitch/6.5/320a2dfd18513a5f41b4e75729df684488cbd925/twitch-6.5.jar for mixin tweaker
[22Mai2022 17:27:28.809] [main/DEBUG] [mixin/SimpleName]: Scanning file:/C:/Users/Bylumia/.gradle/caches/modules-2/files-2.1/org.ow2.asm/asm-debug-all/5.0.3/f9e364ae2a66ce2a543012a4668856e84e5dab74/asm-debug-all-5.0.3.jar for mixin tweaker
[22Mai2022 17:27:28.809] [main/DEBUG] [mixin/SimpleName]: Scanning file:/C:/Users/Bylumia/.gradle/caches/modules-2/files-2.1/com.google.code.findbugs/jsr305/2.0.1/516c03b21d50a644d538de0f0369c620989cd8f0/jsr305-2.0.1.jar for mixin tweaker
[22Mai2022 17:27:28.809] [main/DEBUG] [mixin/SimpleName]: Scanning file:/C:/Users/Bylumia/.gradle/caches/modules-2/files-2.1/net.java.jinput/jinput-platform/2.0.5/7ff832a6eb9ab6a767f1ade2b548092d0fa64795/jinput-platform-2.0.5-natives-linux.jar for mixin tweaker
[22Mai2022 17:27:28.809] [main/DEBUG] [mixin/SimpleName]: Scanning file:/C:/Users/Bylumia/.gradle/caches/modules-2/files-2.1/net.java.jinput/jinput-platform/2.0.5/385ee093e01f587f30ee1c8a2ee7d408fd732e16/jinput-platform-2.0.5-natives-windows.jar for mixin tweaker
[22Mai2022 17:27:28.809] [main/DEBUG] [mixin/SimpleName]: Scanning file:/C:/Users/Bylumia/.gradle/caches/modules-2/files-2.1/net.java.jinput/jinput-platform/2.0.5/53f9c919f34d2ca9de8c51fc4e1e8282029a9232/jinput-platform-2.0.5-natives-osx.jar for mixin tweaker
[22Mai2022 17:27:28.809] [main/DEBUG] [mixin/SimpleName]: Scanning file:/C:/Users/Bylumia/.gradle/caches/modules-2/files-2.1/org.lwjgl.lwjgl/lwjgl-platform/2.9.4-nightly-20150209/b84d5102b9dbfabfeb5e43c7e2828d98a7fc80e0/lwjgl-platform-2.9.4-nightly-20150209-natives-windows.jar for mixin tweaker
[22Mai2022 17:27:28.810] [main/DEBUG] [mixin/SimpleName]: Scanning file:/C:/Users/Bylumia/.gradle/caches/modules-2/files-2.1/org.lwjgl.lwjgl/lwjgl-platform/2.9.4-nightly-20150209/931074f46c795d2f7b30ed6395df5715cfd7675b/lwjgl-platform-2.9.4-nightly-20150209-natives-linux.jar for mixin tweaker
[22Mai2022 17:27:28.810] [main/DEBUG] [mixin/SimpleName]: Scanning file:/C:/Users/Bylumia/.gradle/caches/modules-2/files-2.1/org.lwjgl.lwjgl/lwjgl-platform/2.9.4-nightly-20150209/bcab850f8f487c3f4c4dbabde778bb82bd1a40ed/lwjgl-platform-2.9.4-nightly-20150209-natives-osx.jar for mixin tweaker
[22Mai2022 17:27:28.810] [main/DEBUG] [mixin/SimpleName]: Scanning file:/C:/Users/Bylumia/.gradle/caches/modules-2/files-2.1/tv.twitch/twitch-platform/6.5/206c4ccaecdbcfd2a1631150c69a97bbc9c20c11/twitch-platform-6.5-natives-windows-32.jar for mixin tweaker
[22Mai2022 17:27:28.810] [main/DEBUG] [mixin/SimpleName]: Scanning file:/C:/Users/Bylumia/.gradle/caches/modules-2/files-2.1/tv.twitch/twitch-platform/6.5/9fdd0fd5aed0817063dcf95b69349a171f447ebd/twitch-platform-6.5-natives-windows-64.jar for mixin tweaker
[22Mai2022 17:27:28.810] [main/DEBUG] [mixin/SimpleName]: Scanning file:/C:/Users/Bylumia/.gradle/caches/modules-2/files-2.1/tv.twitch/twitch-platform/6.5/5f9d1ee26257b3a33f0ca06fed335ef462af659f/twitch-platform-6.5-natives-osx.jar for mixin tweaker
[22Mai2022 17:27:28.810] [main/DEBUG] [mixin/SimpleName]: Scanning file:/C:/Users/Bylumia/.gradle/caches/modules-2/files-2.1/tv.twitch/twitch-external-platform/4.5/18215140f010c05b9f86ef6f0f8871954d2ccebf/twitch-external-platform-4.5-natives-windows-32.jar for mixin tweaker
[22Mai2022 17:27:28.810] [main/DEBUG] [mixin/SimpleName]: Scanning file:/C:/Users/Bylumia/.gradle/caches/modules-2/files-2.1/tv.twitch/twitch-external-platform/4.5/c3cde57891b935d41b6680a9c5e1502eeab76d86/twitch-external-platform-4.5-natives-windows-64.jar for mixin tweaker
[22Mai2022 17:27:28.810] [main/DEBUG] [mixin/SimpleName]: Scanning file:/C:/Users/Bylumia/.gradle/caches/minecraft/net/minecraft/minecraft/1.8.9/start/ for mixin tweaker
[22Mai2022 17:27:28.810] [main/DEBUG] [mixin/SimpleName]: Scanning file:/F:/plugins/SimplexClient_v2/build/libs/Client-1.0.jar for mixin tweaker
[22Mai2022 17:27:28.811] [main/DEBUG] [mixin/SimpleName]: inject() running with 1 agents
[22Mai2022 17:27:28.811] [main/DEBUG] [mixin/SimpleName]: Processing inject() for PlatformAgent[MixinPlatformAgentFML:file:/C:/Users/Bylumia/.gradle/caches/modules-2/files-2.1/org.spongepowered/mixin/0.7.11-SNAPSHOT/7a670207bdb97db418118ad1e9bb42424ff3776d/mixin-0.7.11-SNAPSHOT.jar]
[22Mai2022 17:27:28.811] [main/DEBUG] [mixin/SimpleName]: Processing inject() for PlatformAgent[MixinPlatformAgentDefault:file:/C:/Users/Bylumia/.gradle/caches/modules-2/files-2.1/org.spongepowered/mixin/0.7.11-SNAPSHOT/7a670207bdb97db418118ad1e9bb42424ff3776d/mixin-0.7.11-SNAPSHOT.jar]
[22Mai2022 17:27:28.811] [main/DEBUG] [mixin/SimpleName]: Adding new mixin transformer proxy #2
[22Mai2022 17:27:28.811] [main/DEBUG] [mixin/SimpleName]: Preparing mixins for MixinEnvironment[DEFAULT]
[22Mai2022 17:27:28.812] [main/DEBUG] [mixin/SimpleName]: Selecting config mixins.client.json
[22Mai2022 17:27:28.815] [main/DEBUG] [mixin/SimpleName]: Preparing mixins.client.json (1)
[22Mai2022 17:27:28.817] [main/ERROR] [mixin/SimpleName]: Classloader restrictions [PACKAGE_CLASSLOADER_EXCLUSION] encountered loading mixins.client.json:MixinMinecraft, name: MixinMinecraft
[22Mai2022 17:27:28.845] [main/DEBUG] [mixin/SimpleName]: Rebuilding transformer delegation list:
[22Mai2022 17:27:28.845] [main/DEBUG] [mixin/SimpleName]:   Excluding: org.spongepowered.asm.mixin.transformer.Proxy
[22Mai2022 17:27:28.845] [main/DEBUG] [mixin/SimpleName]:   Excluding: org.spongepowered.asm.mixin.transformer.Proxy
[22Mai2022 17:27:28.845] [main/DEBUG] [mixin/SimpleName]: Transformer delegation list created with 0 entries
[22Mai2022 17:27:28.862] [main/TRACE] [mixin/SimpleName]: Added class metadata for net/minecraft/client/Minecraft to metadata cache
[22Mai2022 17:27:28.872] [main/INFO] [LaunchWrapper/SimpleName]: Launching wrapped minecraft {net.minecraft.client.main.Main}
[22Mai2022 17:27:28.900] [main/INFO] [mixin/SimpleName]: Mixing MixinMinecraft from mixins.client.json into net.minecraft.client.Minecraft
[22Mai2022 17:27:28.905] [main/TRACE] [mixin/SimpleName]: Added class metadata for me/cutenyami/simplexclient/SimplexClient to metadata cache
[22Mai2022 17:27:28.908] [main/TRACE] [mixin/SimpleName]: Added class metadata for org/spongepowered/asm/mixin/injection/callback/CallbackInfo to metadata cache
[22Mai2022 17:27:28.938] [main/TRACE] [mixin/SimpleName]: Added class metadata for net/minecraft/util/ReportedException to metadata cache
[22Mai2022 17:27:28.938] [main/TRACE] [mixin/SimpleName]: Added class metadata for net/minecraft/util/MinecraftError to metadata cache
[22Mai2022 17:27:28.940] [main/TRACE] [mixin/SimpleName]: Added class metadata for java/lang/RuntimeException to metadata cache
[22Mai2022 17:27:28.940] [main/TRACE] [mixin/SimpleName]: Added class metadata for java/lang/Exception to metadata cache
[22Mai2022 17:27:28.942] [main/TRACE] [mixin/SimpleName]: Added class metadata for java/lang/Throwable to metadata cache
[22Mai2022 17:27:28.942] [main/TRACE] [mixin/SimpleName]: Added class metadata for java/lang/Error to metadata cache
[22Mai2022 17:27:28.946] [main/TRACE] [mixin/SimpleName]: Added class metadata for java/util/Iterator to metadata cache
[22Mai2022 17:27:28.948] [main/TRACE] [mixin/SimpleName]: Added class metadata for net/minecraft/client/gui/GuiGameOver to metadata cache
[22Mai2022 17:27:28.950] [main/TRACE] [mixin/SimpleName]: Added class metadata for net/minecraft/client/gui/GuiScreen to metadata cache
[22Mai2022 17:27:28.952] [main/TRACE] [mixin/SimpleName]: Added class metadata for net/minecraft/client/gui/GuiMainMenu to metadata cache
[22Mai2022 17:27:28.956] [main/TRACE] [mixin/SimpleName]: Added class metadata for java/lang/String to metadata cache
[22Mai2022 17:27:28.957] [main/TRACE] [mixin/SimpleName]: Added class metadata for java/lang/Integer to metadata cache
[22Mai2022 17:27:28.958] [main/TRACE] [mixin/SimpleName]: Added class metadata for java/lang/Number to metadata cache
[22Mai2022 17:27:28.964] [main/TRACE] [mixin/SimpleName]: Added class metadata for net/minecraft/item/ItemArmorStand to metadata cache
[22Mai2022 17:27:28.965] [main/TRACE] [mixin/SimpleName]: Added class metadata for net/minecraft/item/Item to metadata cache
[22Mai2022 17:27:29.568] [Client thread/INFO] [net.minecraft.client.Minecraft/SimpleName]: Setting user: Player113
[22Mai2022 17:27:29.569] [Client thread/INFO] [net.minecraft.client.Minecraft/SimpleName]: (Session ID is token:FML:Player113)
[22Mai2022 17:27:30.455] [Client thread/INFO] [net.minecraft.client.Minecraft/SimpleName]: LWJGL Version: 2.9.4
[22Mai2022 17:27:30.995] [Client thread/INFO] [net.minecraft.client.resources.SimpleReloadableResourceManager/SimpleName]: Reloading ResourceManager: Default
[22Mai2022 17:27:31.141] [Sound Library Loader/INFO] [net.minecraft.client.audio.SoundManager/SimpleName]: Starting up SoundSystem...
[22Mai2022 17:27:31.347] [Thread-8/INFO] [net.minecraft.client.audio.SoundManager/SimpleName]: Initializing LWJGL OpenAL
[22Mai2022 17:27:31.348] [Thread-8/INFO] [net.minecraft.client.audio.SoundManager/SimpleName]: (The LWJGL binding of OpenAL.  For more information, see http://www.lwjgl.org)
[22Mai2022 17:27:31.393] [Thread-8/INFO] [net.minecraft.client.audio.SoundManager/SimpleName]: OpenAL initialized.
[22Mai2022 17:27:31.742] [Sound Library Loader/INFO] [net.minecraft.client.audio.SoundManager/SOUNDSSimpleName]: Sound engine started
[22Mai2022 17:27:32.325] [Client thread/INFO] [net.minecraft.client.renderer.texture.TextureMap/SimpleName]: Created: 512x512 textures-atlas
