[22:07:42] [main/INFO]: Extra: [--tweakClass, tk.simplexclient.mixin.Tweaker, --tweakClass, optifine.OptiFineTweaker]
[22:07:42] [main/INFO]: Running with arguments: [--userProperties, {}, --assetsDir, C:/Users/Bylumia/.gradle/caches/minecraft/assets, --assetIndex, 1.8, --accessToken{REDACTED}, --version, 1.8.9, --tweakClass, tk.simplexclient.mixin.Tweaker, --tweakClass, optifine.OptiFineTweaker]
[22:07:42] [main/INFO]: Loading tweak class name tk.simplexclient.mixin.Tweaker
[22:07:42] [main/INFO]: Using primary tweak class name tk.simplexclient.mixin.Tweaker
[22:07:42] [main/INFO]: Loading tweak class name optifine.OptiFineTweaker
[22:07:42] [main/INFO]: Calling tweak class tk.simplexclient.mixin.Tweaker
[22:07:42] [main/INFO]: SpongePowered MIXIN Subsystem Version=0.7.11 Source=file:/C:/Users/Bylumia/.gradle/caches/modules-2/files-2.1/org.spongepowered/mixin/0.7.11-SNAPSHOT/7a670207bdb97db418118ad1e9bb42424ff3776d/mixin-0.7.11-SNAPSHOT.jar Service=LaunchWrapper Env=UNKNOWN
[22:07:42] [main/INFO]: FML platform manager could not load class cpw.mods.fml.relauncher.CoreModManager. Proceeding without FML support.
[22:07:42] [main/INFO]: Compatibility level set to JAVA_8
[22:07:42] [main/ERROR]: Mixin config mixins.client.json does not specify "minVersion" property
[22:07:42] [main/INFO]: Calling tweak class optifine.OptiFineTweaker
[22:07:42] [main/INFO]: Loading tweak class name org.spongepowered.asm.mixin.EnvironmentStateTweaker
[22:07:42] [main/INFO]: Calling tweak class org.spongepowered.asm.mixin.EnvironmentStateTweaker
[22:07:42] [main/ERROR]: Classloader restrictions [PACKAGE_CLASSLOADER_EXCLUSION] encountered loading mixins.client.json:client.MixinEntityLivingBase, name: tk.simplexclient.mixin.impl.client.MixinEntityLivingBase
[22:07:43] [main/ERROR]: Classloader restrictions [PACKAGE_CLASSLOADER_EXCLUSION] encountered loading mixins.client.json:client.MixinEntityPlayerSP, name: tk.simplexclient.mixin.impl.client.MixinEntityPlayerSP
[22:07:43] [main/ERROR]: Classloader restrictions [PACKAGE_CLASSLOADER_EXCLUSION] encountered loading mixins.client.json:client.MixinGuiIngame, name: tk.simplexclient.mixin.impl.client.MixinGuiIngame
[22:07:43] [main/ERROR]: Classloader restrictions [PACKAGE_CLASSLOADER_EXCLUSION] encountered loading mixins.client.json:client.MixinItemRenderer, name: tk.simplexclient.mixin.impl.client.MixinItemRenderer
[22:07:43] [main/ERROR]: Classloader restrictions [PACKAGE_CLASSLOADER_EXCLUSION] encountered loading mixins.client.json:client.MixinMinecraft, name: tk.simplexclient.mixin.impl.client.MixinMinecraft
[22:07:43] [main/ERROR]: Classloader restrictions [PACKAGE_CLASSLOADER_EXCLUSION] encountered loading mixins.client.json:gui.MixinGuiMainMenu, name: tk.simplexclient.mixin.impl.gui.MixinGuiMainMenu
[22:07:43] [main/ERROR]: Classloader restrictions [PACKAGE_CLASSLOADER_EXCLUSION] encountered loading mixins.client.json:item.MixinRenderEntityItem, name: tk.simplexclient.mixin.impl.item.MixinRenderEntityItem
[22:07:43] [main/ERROR]: Classloader restrictions [PACKAGE_CLASSLOADER_EXCLUSION] encountered loading mixins.client.json:mod.MixinV1_7VisualsMod$MixinEntityRenderer, name: tk.simplexclient.mixin.impl.mod.MixinV1_7VisualsMod$MixinEntityRenderer
[22:07:43] [main/ERROR]: Classloader restrictions [PACKAGE_CLASSLOADER_EXCLUSION] encountered loading mixins.client.json:mod.MixinV1_7VisualsMod$MixinItemRenderer, name: tk.simplexclient.mixin.impl.mod.MixinV1_7VisualsMod$MixinItemRenderer
[22:07:43] [main/ERROR]: Classloader restrictions [PACKAGE_CLASSLOADER_EXCLUSION] encountered loading mixins.client.json:mod.MixinV1_7VisualsMod$MixinLayerArmorBase, name: tk.simplexclient.mixin.impl.mod.MixinV1_7VisualsMod$MixinLayerArmorBase
[22:07:43] [main/INFO]: Launching wrapped minecraft {net.minecraft.client.main.Main}
[22:07:43] [main/INFO]: Mixing client.MixinMinecraft from mixins.client.json into net.minecraft.client.Minecraft
[22:07:43] [main/INFO]: Mixing gui.MixinGuiMainMenu from mixins.client.json into net.minecraft.client.gui.GuiMainMenu
[22:07:43] [main/INFO]: Mixing client.MixinEntityLivingBase from mixins.client.json into net.minecraft.entity.EntityLivingBase
[22:07:43] [main/INFO]: Mixing client.MixinEntityPlayerSP from mixins.client.json into net.minecraft.client.entity.EntityPlayerSP
[22:07:44] [Client thread/INFO]: Setting user: Player666
[22:07:44] [Client thread/INFO]: (Session ID is token:FML:Player666)
[22:07:45] [Client thread/INFO]: [OptiFine] *** Reflector Forge ***
[22:07:45] [Client thread/INFO]: [OptiFine] (Reflector) Class not present: mods.betterfoliage.client.BetterFoliageClient
[22:07:45] [Client thread/INFO]: [OptiFine] (Reflector) Class not present: net.minecraftforge.fml.common.asm.transformers.BlamingTransformer
[22:07:45] [Client thread/INFO]: [OptiFine] (Reflector) Class not present: net.minecraftforge.event.world.ChunkWatchEvent$UnWatch
[22:07:45] [Client thread/INFO]: [OptiFine] (Reflector) Class not present: net.minecraftforge.fml.relauncher.CoreModManager
[22:07:45] [Client thread/INFO]: [OptiFine] (Reflector) Class not present: net.minecraftforge.common.DimensionManager
[22:07:45] [Client thread/INFO]: [OptiFine] (Reflector) Class not present: net.minecraftforge.client.event.GuiScreenEvent$DrawScreenEvent$Pre
[22:07:45] [Client thread/INFO]: [OptiFine] (Reflector) Class not present: net.minecraftforge.client.event.GuiScreenEvent$DrawScreenEvent$Post
[22:07:45] [Client thread/INFO]: [OptiFine] (Reflector) Class not present: net.minecraftforge.client.event.EntityViewRenderEvent$CameraSetup
[22:07:45] [Client thread/INFO]: Mixing mod.MixinV1_7VisualsMod$MixinEntityRenderer from mixins.client.json into net.minecraft.client.renderer.EntityRenderer
[22:07:45] [Client thread/INFO]: [OptiFine] (Reflector) Class not present: net.minecraftforge.client.event.EntityViewRenderEvent$FogColors
[22:07:45] [Client thread/INFO]: [OptiFine] (Reflector) Class not present: net.minecraftforge.fml.common.eventhandler.Event
[22:07:45] [Client thread/INFO]: [OptiFine] (Reflector) Class not present: net.minecraftforge.fml.common.eventhandler.EventBus
[22:07:45] [Client thread/INFO]: [OptiFine] (Reflector) Class not present: net.minecraftforge.fml.common.eventhandler.Event$Result
[22:07:45] [Client thread/INFO]: [OptiFine] (Reflector) Class not present: net.minecraftforge.common.property.ExtendedBlockState
[22:07:45] [Client thread/INFO]: [OptiFine] (Reflector) Class not present: net.minecraftforge.fml.client.FMLClientHandler
[22:07:45] [Client thread/INFO]: [OptiFine] (Reflector) Class not present: net.minecraftforge.fml.common.FMLCommonHandler
[22:07:45] [Client thread/INFO]: [OptiFine] (Reflector) Method not present: net.minecraft.world.biome.BiomeGenBase.getWaterColorMultiplier
[22:07:45] [Client thread/INFO]: [OptiFine] (Reflector) Method not present: net.minecraft.block.Block.addDestroyEffects
[22:07:45] [Client thread/INFO]: [OptiFine] (Reflector) Method not present: net.minecraft.block.Block.addHitEffects
[22:07:45] [Client thread/INFO]: [OptiFine] (Reflector) Method not present: net.minecraft.block.Block.canCreatureSpawn
[22:07:45] [Client thread/INFO]: [OptiFine] (Reflector) Method not present: net.minecraft.block.Block.canRenderInLayer
[22:07:45] [Client thread/INFO]: [OptiFine] (Reflector) Method not present: net.minecraft.block.Block.doesSideBlockRendering
[22:07:45] [Client thread/INFO]: [OptiFine] (Reflector) Method not present: net.minecraft.block.Block.getBedDirection
[22:07:45] [Client thread/INFO]: [OptiFine] (Reflector) Method not present: net.minecraft.block.Block.getExtendedState
[22:07:45] [Client thread/INFO]: [OptiFine] (Reflector) Method not present: net.minecraft.block.Block.getLightOpacity
[22:07:45] [Client thread/INFO]: [OptiFine] (Reflector) Method not present: net.minecraft.block.Block.getLightValue
[22:07:45] [Client thread/INFO]: [OptiFine] (Reflector) Method not present: net.minecraft.block.Block.hasTileEntity
[22:07:45] [Client thread/INFO]: [OptiFine] (Reflector) Method not present: net.minecraft.block.Block.isAir
[22:07:45] [Client thread/INFO]: [OptiFine] (Reflector) Method not present: net.minecraft.block.Block.isBed
[22:07:45] [Client thread/INFO]: [OptiFine] (Reflector) Method not present: net.minecraft.block.Block.isBedFoot
[22:07:45] [Client thread/INFO]: [OptiFine] (Reflector) Method not present: net.minecraft.block.Block.isSideSolid
[22:07:45] [Client thread/INFO]: [OptiFine] (Reflector) Method not present: net.minecraft.world.ChunkCache.isSideSolid
[22:07:45] [Client thread/INFO]: [OptiFine] (Reflector) Method not present: net.minecraft.entity.Entity.canRiderInteract
[22:07:45] [Client thread/INFO]: [OptiFine] (Reflector) Field not present: net.minecraft.entity.Entity.captureDrops
[22:07:45] [Client thread/INFO]: [OptiFine] (Reflector) Field not present: net.minecraft.entity.Entity.capturedDrops
[22:07:45] [Client thread/INFO]: [OptiFine] (Reflector) Method not present: net.minecraft.entity.Entity.shouldRenderInPass
[22:07:45] [Client thread/INFO]: [OptiFine] (Reflector) Method not present: net.minecraft.entity.Entity.shouldRiderSit
[22:07:45] [Client thread/INFO]: [OptiFine] (Reflector) Class not present: net.minecraftforge.event.ForgeEventFactory
[22:07:45] [Client thread/INFO]: [OptiFine] (Reflector) Class not present: net.minecraftforge.common.ForgeHooks
[22:07:45] [Client thread/INFO]: [OptiFine] (Reflector) Class not present: net.minecraftforge.client.ForgeHooksClient
[22:07:45] [Client thread/INFO]: [OptiFine] (Reflector) Field not present: net.minecraft.item.Item.delegate
[22:07:45] [Client thread/INFO]: [OptiFine] (Reflector) Method not present: net.minecraft.item.Item.getDurabilityForDisplay
[22:07:45] [Client thread/INFO]: [OptiFine] (Reflector) Method not present: net.minecraft.item.Item.getModel
[22:07:45] [Client thread/INFO]: [OptiFine] (Reflector) Method not present: net.minecraft.item.Item.onEntitySwing
[22:07:45] [Client thread/INFO]: [OptiFine] (Reflector) Method not present: net.minecraft.item.Item.shouldCauseReequipAnimation
[22:07:45] [Client thread/INFO]: [OptiFine] (Reflector) Method not present: net.minecraft.item.Item.showDurabilityBar
[22:07:45] [Client thread/INFO]: [OptiFine] (Reflector) Class not present: net.minecraftforge.common.ForgeModContainer
[22:07:45] [Client thread/INFO]: [OptiFine] (Reflector) Method not present: net.minecraft.potion.PotionEffect.isCurativeItem
[22:07:45] [Client thread/INFO]: [OptiFine] (Reflector) Method not present: net.minecraft.tileentity.TileEntity.canRenderBreaking
[22:07:45] [Client thread/INFO]: [OptiFine] (Reflector) Method not present: net.minecraft.tileentity.TileEntity.getRenderBoundingBox
[22:07:45] [Client thread/INFO]: [OptiFine] (Reflector) Method not present: net.minecraft.tileentity.TileEntity.hasFastRenderer
[22:07:45] [Client thread/INFO]: [OptiFine] (Reflector) Method not present: net.minecraft.tileentity.TileEntity.shouldRenderInPass
[22:07:45] [Client thread/INFO]: [OptiFine] (Reflector) Method not present: net.minecraft.client.renderer.vertex.VertexFormatElement$EnumUsage.preDraw
[22:07:45] [Client thread/INFO]: [OptiFine] (Reflector) Method not present: net.minecraft.client.renderer.vertex.VertexFormatElement$EnumUsage.postDraw
[22:07:45] [Client thread/INFO]: [OptiFine] (Reflector) Method not present: net.minecraft.world.World.countEntities
[22:07:45] [Client thread/INFO]: [OptiFine] (Reflector) Method not present: net.minecraft.world.World.getPerWorldStorage
[22:07:45] [Client thread/INFO]: [OptiFine] (Reflector) Method not present: net.minecraft.world.WorldProvider.getCloudRenderer
[22:07:45] [Client thread/INFO]: [OptiFine] (Reflector) Method not present: net.minecraft.world.WorldProvider.getSkyRenderer
[22:07:45] [Client thread/INFO]: [OptiFine] (Reflector) Method not present: net.minecraft.world.WorldProvider.getWeatherRenderer
[22:07:45] [Client thread/INFO]: [OptiFine] (Reflector) Method not present: net.minecraft.world.WorldProvider.getSaveFolder
[22:07:45] [Client thread/INFO]: [OptiFine] (Reflector) Class not present: net.minecraftforge.fml.client.GuiModList
[22:07:45] [Client thread/INFO]: [OptiFine] (Reflector) Class not present: net.minecraftforge.client.model.IColoredBakedQuad
[22:07:45] [Client thread/INFO]: [OptiFine] (Reflector) Class not present: net.minecraftforge.common.property.IExtendedBlockState
[22:07:45] [Client thread/INFO]: [OptiFine] (Reflector) Class not present: net.minecraftforge.client.model.IModel
[22:07:45] [Client thread/INFO]: [OptiFine] (Reflector) Class not present: net.minecraftforge.client.IRenderHandler
[22:07:45] [Client thread/INFO]: [OptiFine] (Reflector) Class not present: net.minecraftforge.client.ItemModelMesherForge
[22:07:45] [Client thread/INFO]: [OptiFine] (Reflector) Class not present: net.minecraftforge.client.model.pipeline.LightUtil
[22:07:45] [Client thread/INFO]: [OptiFine] (Reflector) Class not present: net.minecraftforge.fml.common.Loader
[22:07:45] [Client thread/INFO]: [OptiFine] (Reflector) Class not present: net.minecraftforge.common.MinecraftForge
[22:07:45] [Client thread/INFO]: [OptiFine] (Reflector) Class not present: net.minecraftforge.client.MinecraftForgeClient
[22:07:45] [Client thread/INFO]: [OptiFine] (Reflector) Class not present: net.minecraftforge.fml.common.ModContainer
[22:07:45] [Client thread/INFO]: [OptiFine] (Reflector) Class not present: net.minecraftforge.client.model.ModelLoader
[22:07:45] [Client thread/INFO]: [OptiFine] (Reflector) Class not present: net.minecraftforge.client.event.RenderBlockOverlayEvent$OverlayType
[22:07:45] [Client thread/INFO]: [OptiFine] (Reflector) Class not present: net.minecraftforge.fml.client.registry.RenderingRegistry
[22:07:45] [Client thread/INFO]: [OptiFine] (Reflector) Class not present: net.minecraftforge.client.event.RenderItemInFrameEvent
[22:07:45] [Client thread/INFO]: [OptiFine] (Reflector) Class not present: net.minecraftforge.client.event.RenderLivingEvent$Pre
[22:07:45] [Client thread/INFO]: [OptiFine] (Reflector) Class not present: net.minecraftforge.client.event.RenderLivingEvent$Post
[22:07:45] [Client thread/INFO]: [OptiFine] (Reflector) Class not present: net.minecraftforge.client.event.RenderLivingEvent$Specials$Pre
[22:07:45] [Client thread/INFO]: [OptiFine] (Reflector) Class not present: net.minecraftforge.client.event.RenderLivingEvent$Specials$Post
[22:07:45] [Client thread/INFO]: [OptiFine] (Reflector) Class not present: net.minecraftforge.fml.client.SplashProgress
[22:07:45] [Client thread/INFO]: [OptiFine] (Reflector) Class not present: net.minecraftforge.event.world.WorldEvent$Load
[22:07:45] [Client thread/INFO]: [OptiFine] *** Reflector Vanilla ***
[22:07:45] [Client thread/INFO]: Mixing client.MixinItemRenderer from mixins.client.json into net.minecraft.client.renderer.ItemRenderer
[22:07:45] [Client thread/INFO]: Mixing mod.MixinV1_7VisualsMod$MixinItemRenderer from mixins.client.json into net.minecraft.client.renderer.ItemRenderer
[22:07:45] [Client thread/INFO]: Mixing client.MixinGuiIngame from mixins.client.json into net.minecraft.client.gui.GuiIngame
[22:07:45] [Client thread/INFO]: LWJGL Version: 2.9.4
[22:07:46] [Client thread/INFO]: [OptiFine] 
[22:07:46] [Client thread/INFO]: [OptiFine] OptiFine_1.8.9_HD_U_L5
[22:07:46] [Client thread/INFO]: [OptiFine] Build: 20191204-143016
[22:07:46] [Client thread/INFO]: [OptiFine] OS: Windows 10 (amd64) version 10.0
[22:07:46] [Client thread/INFO]: [OptiFine] Java: 1.8.0_301, Oracle Corporation
[22:07:46] [Client thread/INFO]: [OptiFine] VM: Java HotSpot(TM) 64-Bit Server VM (mixed mode), Oracle Corporation
[22:07:46] [Client thread/INFO]: [OptiFine] LWJGL: 2.9.4
[22:07:46] [Client thread/INFO]: [OptiFine] OpenGL: NVIDIA GeForce RTX 2060/PCIe/SSE2, version 4.6.0 NVIDIA 511.65, NVIDIA Corporation
[22:07:46] [Client thread/INFO]: [OptiFine] OpenGL Version: 4.6.0
[22:07:46] [Client thread/INFO]: [OptiFine] Maximum texture size: 32768x32768
[22:07:46] [VersionCheck/INFO]: [OptiFine] Checking for new version
[22:07:46] [Client thread/INFO]: [Shaders] OpenGL Version: 4.6.0 NVIDIA 511.65
[22:07:46] [Client thread/INFO]: [Shaders] Vendor:  NVIDIA Corporation
[22:07:46] [Client thread/INFO]: [Shaders] Renderer: NVIDIA GeForce RTX 2060/PCIe/SSE2
[22:07:46] [Client thread/INFO]: [Shaders] Capabilities:  2.0  2.1  3.0  3.2  4.0 
[22:07:46] [Client thread/INFO]: [Shaders] GL_MAX_DRAW_BUFFERS: 8
[22:07:46] [Client thread/INFO]: [Shaders] GL_MAX_COLOR_ATTACHMENTS_EXT: 8
[22:07:46] [Client thread/INFO]: [Shaders] GL_MAX_TEXTURE_IMAGE_UNITS: 32
[22:07:46] [Client thread/INFO]: [Shaders] Load shaders configuration.
[22:07:46] [Client thread/INFO]: [Shaders] Save shaders configuration.
[22:07:46] [Client thread/INFO]: [Shaders] No shaderpack loaded.
[22:07:46] [Client thread/INFO]: Reloading ResourceManager: Default
[22:07:46] [Client thread/INFO]: [OptiFine] *** Reloading textures ***
[22:07:46] [Client thread/INFO]: [OptiFine] Resource packs: Default
[22:07:46] [Client thread/INFO]: [OptiFine] (Reflector) Class not present: net.minecraftforge.client.model.Attributes
[22:07:46] [Sound Library Loader/INFO]: Starting up SoundSystem...
[22:07:46] [VersionCheck/INFO]: [OptiFine] Version found: M5
[22:07:46] [Thread-7/INFO]: Initializing LWJGL OpenAL
[22:07:46] [Thread-7/INFO]: (The LWJGL binding of OpenAL.  For more information, see http://www.lwjgl.org)
[22:07:46] [Thread-7/INFO]: OpenAL initialized.
[22:07:47] [Sound Library Loader/INFO]: Sound engine started
[22:07:47] [Client thread/INFO]: [OptiFine] Mipmap levels: 4
[22:07:47] [Client thread/INFO]: [OptiFine] Multitexture: false
[22:07:47] [Client thread/INFO]: [OptiFine] ConnectedTextures: mcpatcher/ctm/default/0_glass_white/glass_pane_white.properties
[22:07:47] [Client thread/INFO]: [OptiFine] ConnectedTextures: mcpatcher/ctm/default/0_glass_white/glass_white.properties
[22:07:47] [Client thread/INFO]: [OptiFine] ConnectedTextures: mcpatcher/ctm/default/10_glass_purple/glass_pane_purple.properties
[22:07:47] [Client thread/INFO]: [OptiFine] ConnectedTextures: mcpatcher/ctm/default/10_glass_purple/glass_purple.properties
[22:07:47] [Client thread/INFO]: [OptiFine] ConnectedTextures: mcpatcher/ctm/default/11_glass_blue/glass_blue.properties
[22:07:47] [Client thread/INFO]: [OptiFine] ConnectedTextures: mcpatcher/ctm/default/11_glass_blue/glass_pane_blue.properties
[22:07:47] [Client thread/INFO]: [OptiFine] ConnectedTextures: mcpatcher/ctm/default/12_glass_brown/glass_brown.properties
[22:07:47] [Client thread/INFO]: [OptiFine] ConnectedTextures: mcpatcher/ctm/default/12_glass_brown/glass_pane_brown.properties
[22:07:47] [Client thread/INFO]: [OptiFine] ConnectedTextures: mcpatcher/ctm/default/13_glass_green/glass_green.properties
[22:07:47] [Client thread/INFO]: [OptiFine] ConnectedTextures: mcpatcher/ctm/default/13_glass_green/glass_pane_green.properties
[22:07:47] [Client thread/INFO]: [OptiFine] ConnectedTextures: mcpatcher/ctm/default/14_glass_red/glass_pane_red.properties
[22:07:47] [Client thread/INFO]: [OptiFine] ConnectedTextures: mcpatcher/ctm/default/14_glass_red/glass_red.properties
[22:07:47] [Client thread/INFO]: [OptiFine] ConnectedTextures: mcpatcher/ctm/default/15_glass_black/glass_black.properties
[22:07:47] [Client thread/INFO]: [OptiFine] ConnectedTextures: mcpatcher/ctm/default/15_glass_black/glass_pane_black.properties
[22:07:47] [Client thread/INFO]: [OptiFine] ConnectedTextures: mcpatcher/ctm/default/1_glass_orange/glass_orange.properties
[22:07:47] [Client thread/INFO]: [OptiFine] ConnectedTextures: mcpatcher/ctm/default/1_glass_orange/glass_pane_orange.properties
[22:07:47] [Client thread/INFO]: [OptiFine] ConnectedTextures: mcpatcher/ctm/default/2_glass_magenta/glass_magenta.properties
[22:07:47] [Client thread/INFO]: [OptiFine] ConnectedTextures: mcpatcher/ctm/default/2_glass_magenta/glass_pane_magenta.properties
[22:07:47] [Client thread/INFO]: [OptiFine] ConnectedTextures: mcpatcher/ctm/default/3_glass_light_blue/glass_light_blue.properties
[22:07:47] [Client thread/INFO]: [OptiFine] ConnectedTextures: mcpatcher/ctm/default/3_glass_light_blue/glass_pane_light_blue.properties
[22:07:47] [Client thread/INFO]: [OptiFine] ConnectedTextures: mcpatcher/ctm/default/4_glass_yellow/glass_pane_yellow.properties
[22:07:47] [Client thread/INFO]: [OptiFine] ConnectedTextures: mcpatcher/ctm/default/4_glass_yellow/glass_yellow.properties
[22:07:47] [Client thread/INFO]: [OptiFine] ConnectedTextures: mcpatcher/ctm/default/5_glass_lime/glass_lime.properties
[22:07:47] [Client thread/INFO]: [OptiFine] ConnectedTextures: mcpatcher/ctm/default/5_glass_lime/glass_pane_lime.properties
[22:07:47] [Client thread/INFO]: [OptiFine] ConnectedTextures: mcpatcher/ctm/default/6_glass_pink/glass_pane_pink.properties
[22:07:47] [Client thread/INFO]: [OptiFine] ConnectedTextures: mcpatcher/ctm/default/6_glass_pink/glass_pink.properties
[22:07:47] [Client thread/INFO]: [OptiFine] ConnectedTextures: mcpatcher/ctm/default/7_glass_gray/glass_gray.properties
[22:07:47] [Client thread/INFO]: [OptiFine] ConnectedTextures: mcpatcher/ctm/default/7_glass_gray/glass_pane_gray.properties
[22:07:48] [Client thread/INFO]: [OptiFine] ConnectedTextures: mcpatcher/ctm/default/8_glass_silver/glass_pane_silver.properties
[22:07:48] [Client thread/INFO]: [OptiFine] ConnectedTextures: mcpatcher/ctm/default/8_glass_silver/glass_silver.properties
[22:07:48] [Client thread/INFO]: [OptiFine] ConnectedTextures: mcpatcher/ctm/default/9_glass_cyan/glass_cyan.properties
[22:07:48] [Client thread/INFO]: [OptiFine] ConnectedTextures: mcpatcher/ctm/default/9_glass_cyan/glass_pane_cyan.properties
[22:07:48] [Client thread/INFO]: [OptiFine] ConnectedTextures: mcpatcher/ctm/default/bookshelf.properties
[22:07:48] [Client thread/INFO]: [OptiFine] ConnectedTextures: mcpatcher/ctm/default/glass.properties
[22:07:48] [Client thread/INFO]: [OptiFine] ConnectedTextures: mcpatcher/ctm/default/glasspane.properties
[22:07:48] [Client thread/INFO]: [OptiFine] ConnectedTextures: mcpatcher/ctm/default/sandstone.properties
[22:07:48] [Client thread/INFO]: [OptiFine] Multipass connected textures: false
[22:07:48] [Client thread/INFO]: [OptiFine] BetterGrass: Parsing default configuration optifine/bettergrass.properties
[22:07:48] [Client thread/INFO]: Created: 1024x512 textures-atlas
[22:07:48] [Client thread/INFO]: [OptiFine] Animated sprites: 11
[22:07:48] [Client thread/INFO]: Mixing mod.MixinV1_7VisualsMod$MixinLayerArmorBase from mixins.client.json into net.minecraft.client.renderer.entity.layers.LayerArmorBase
[22:07:48] [Client thread/INFO]: Mixing item.MixinRenderEntityItem from mixins.client.json into net.minecraft.client.renderer.entity.RenderEntityItem
[22:07:49] [Client thread/INFO]: [OptiFine] *** Reloading custom textures ***
[22:07:49] [Client thread/INFO]: [OptiFine] Enable face culling: acacia_leaves, birch_leaves, dark_oak_leaves, jungle_leaves, oak_leaves, spruce_leaves
[22:07:59] [Server thread/INFO]: Starting integrated minecraft server version 1.9
[22:07:59] [Server thread/INFO]: Generating keypair
[22:07:59] [Server thread/INFO]: Preparing start region for level 0
[22:08:00] [Server thread/INFO]: Changing view distance to 8, from 10
[22:08:00] [Server thread/INFO]: Player666[local:E:b7799e03] logged in with entity id 253 at (21.30000001192093, 66.16610926093821, 147.33975613921183)
[22:08:00] [Server thread/INFO]: Player666 joined the game
[22:08:01] [Client thread/INFO]: [CHAT] A new §eOptiFine§f version is available: §e§nHD Ultra M5§r§f
[22:08:20] [Server thread/INFO]: Saving and pausing game...
[22:08:20] [Server thread/INFO]: Saving chunks for level 'New World'/Overworld
[22:08:20] [Server thread/INFO]: Saving chunks for level 'New World'/Nether
[22:08:20] [Server thread/INFO]: Saving chunks for level 'New World'/The End
[22:08:28] [Server thread/INFO]: Saving and pausing game...
[22:08:28] [Server thread/INFO]: Saving chunks for level 'New World'/Overworld
[22:08:28] [Server thread/INFO]: Saving chunks for level 'New World'/Nether
[22:08:28] [Server thread/INFO]: Saving chunks for level 'New World'/The End
[22:08:34] [Server thread/INFO]: Player666 has just earned the achievement [Taking Inventory]
[22:08:34] [Client thread/INFO]: [CHAT] Player666 has just earned the achievement [Taking Inventory]
[22:08:41] [Server thread/INFO]: [Player666: Set own game mode to Survival Mode]
[22:08:41] [Client thread/INFO]: [CHAT] Your game mode has been updated
[22:08:50] [Server thread/INFO]: Saving and pausing game...
[22:08:50] [Server thread/INFO]: Saving chunks for level 'New World'/Overworld
[22:08:50] [Server thread/INFO]: Saving chunks for level 'New World'/Nether
[22:08:50] [Server thread/INFO]: Saving chunks for level 'New World'/The End
[22:08:59] [Server thread/INFO]: Saving and pausing game...
[22:08:59] [Server thread/INFO]: Saving chunks for level 'New World'/Overworld
[22:08:59] [Server thread/INFO]: Saving chunks for level 'New World'/Nether
[22:08:59] [Server thread/INFO]: Saving chunks for level 'New World'/The End
[22:09:27] [Server thread/INFO]: [Player666: Set own game mode to Creative Mode]
[22:09:27] [Client thread/INFO]: [CHAT] Your game mode has been updated
[22:09:27] [Server thread/INFO]: Saving and pausing game...
[22:09:27] [Server thread/INFO]: Saving chunks for level 'New World'/Overworld
[22:09:27] [Server thread/INFO]: Saving chunks for level 'New World'/Nether
[22:09:27] [Server thread/INFO]: Saving chunks for level 'New World'/The End
[22:09:32] [Server thread/INFO]: [Player666: Set own game mode to Survival Mode]
[22:09:32] [Client thread/INFO]: [CHAT] Your game mode has been updated
[22:09:42] [Server thread/INFO]: Saving and pausing game...
[22:09:42] [Server thread/INFO]: Saving chunks for level 'New World'/Overworld
[22:09:42] [Server thread/INFO]: Saving chunks for level 'New World'/Nether
[22:09:42] [Server thread/INFO]: Saving chunks for level 'New World'/The End
[22:09:57] [Client thread/INFO]: Saving module config...
[22:09:57] [Client thread/INFO]: Stopping!
[22:09:58] [Client thread/INFO]: SoundSystem shutting down...
[22:09:58] [Server thread/INFO]: Stopping server
[22:09:58] [Server thread/INFO]: Saving players
[22:09:58] [Server thread/INFO]: Saving worlds
[22:09:58] [Server thread/INFO]: Saving chunks for level 'New World'/Overworld
[22:09:58] [Server thread/INFO]: Saving chunks for level 'New World'/Nether
[22:09:58] [Server thread/INFO]: Saving chunks for level 'New World'/The End
[22:09:58] [Client thread/WARN]: Author: Paul Lamb, www.paulscode.com
